<?xml version="1.0" encoding="UTF-8"?>
<!-- Generated by org.testng.reporters.JUnitXMLReporter -->
<testsuite ignored="0" hostname="Enamuls-MacBook-Pro.local" failures="0" tests="6" name="Linux-Firefox" time="48.167" errors="0" timestamp="2024-08-30T18:21:08 EDT">
  <testcase classname="testCases.AccountRegistrationTest" name="verify_account_registration" time="2.714"/>
  <testcase classname="testCases.LoginTest" name="verify_login" time="2.64"/>
  <testcase classname="testCases.LoginTest" name="verify_login_data_provider" time="2.514"/>
  <testcase classname="testCases.LoginTest" name="verify_login_data_provider" time="11.294"/>
  <testcase classname="testCases.LoginTest" name="verify_login_data_provider" time="11.573"/>
  <testcase classname="testCases.LoginTest" name="verify_login_data_provider" time="2.75"/>
</testsuite> <!-- Linux-Firefox -->
