<?xml version="1.0" encoding="UTF-8"?>
<testsuite xmlns:xsi="http://www.w3.org/2001/XMLSchema-instance" xsi:noNamespaceSchemaLocation="https://maven.apache.org/surefire/maven-surefire-plugin/xsd/surefire-test-report-3.0.xsd" version="3.0" name="TestSuite" time="57.077" tests="7" errors="0" skipped="0" failures="0">
  <properties>
[...]
</properties>
  <testcase name="verify_account_registration" classname="testCases.AccountRegistrationTest" time="3.104">
    <system-err><![CDATA[Aug 30, 2024 6:20:12 P.M. org.openqa.selenium.remote.tracing.opentelemetry.OpenTelemetryTracer createTracer
INFO: Using OpenTelemetry for tracing
]]></system-err>
  </testcase>
  <testcase name="verify_account_registration" classname="testCases.AccountRegistrationTest" time="2.714"/>
  <testcase name="verify_login" classname="testCases.LoginTest" time="2.641"/>
  <testcase name="verify_login_data_provider[testfirst@test.com, Test@qafox1, Valid](1)" classname="testCases.LoginTest" time="2.514"/>
  <testcase name="verify_login_data_provider[hula@yahoi.com, hula, Invalid](2)" classname="testCases.LoginTest" time="11.294"/>
  <testcase name="verify_login_data_provider[mula@yahoi.com, mula, Invaid](3)" classname="testCases.LoginTest" time="11.573"/>
  <testcase name="verify_login_data_provider[abc123@gmail.com, test@123, Valid](4)" classname="testCases.LoginTest" time="2.75"/>
</testsuite>